10/12/2024:
Changed the id of the different borders to classes.
Added back the different ids to access the different gun descriptions.
Modified the font of the descriptions of the guns to sans-serif.
Modified the position the guns' images to the top right corner.
Added borders to the guns' images.
Removed the "Home" Button.
Added the "Pop Culture" button and its page accordingly.
Modified the content-links' height to fit their button's height.
Modified the HTML of every gun type to accomodate for the images' positioning.
Added alt text to every guns' images.
Changed the size of the guns' images using CSS (not actually modified the images themselves).
Added new items to the TO-DO list in "index.html" file.

11/12/2024:
added the favicon
started work on the index page with text and images
changed the index background image to have it diferenciate itself from the other pages

12/12/2024:
Fixed up a bit of the grammar in the current nailgun, railgun, revolver and shotgun files.
Done the freeze frame text.
changed the home button in the "popCulture.html" file to a pop culture text.

13/12/2024:
Done every gun's description text.

15/12/2024:
Added a bunch of items to the "doNotLook" folder, those are for the "popCultere.html" page.
Added variables in the CSS file for the different colours of the links and titles.
(!IMPORTANT) Changed the gameDescription type of box to be the contentContainer class so that it becomes reusable.
Modified a bit the intro text in "index.html".
Added a link to the dev shrine in the "index.html" file.
Modified the Credit Button in the "levels.html" file to Dev Shrine, where now it actually acts as a button.
Changed the hover colour of a link to be "!important" so that it overrides any other colour.
Made so that the ultrakill word is in bold, in the special font and in uppercase. (in span it works better)
Changed a few variable in both the css and html to make them more descriptive.
Removed not really useful css code. (See github commit)
Renamed the "Credit Level.html" to "devs.html".